[SENSOR] T:28.9/62.6°C H:65.2% P:978.5hPa
📊 Підтримання: T=28.9°C, Насос=11, Вентилятор=3
[TIME] Синхронізовано: 02.01.2026 22:44:58
📊 Підтримання: T=28.9°C, Насос=12, Вентилятор=6
📊 Підтримання: T=28.8°C, Насос=12, Вентилятор=8
📊 Підтримання: T=28.7°C, Насос=14, Вентилятор=13
📊 Підтримання: T=28.6°C, Насос=14, Вентилятор=16
📊 Підтримання: T=28.5°C, Насос=15, Вентилятор=20
📊 Підтримання: T=28.4°C, Насос=16, Вентилятор=23
📊 Підтримання: T=28.4°C, Насос=17, Вентилятор=26
📊 Підтримання: T=28.2°C, Насос=18, Вентилятор=30
📊 Підтримання: T=28.2°C, Насос=19, Вентилятор=33
📊 Підтримання: T=28.1°C, Насос=20, Вентилятор=38
⚡ Обігрів: T=27.9°C, Насос=20, Вентилятор=0
⚡ Обігрів: T=27.9°C, Насос=20, Вентилятор=5

══════════════════════════════════════════════════════════
           📊 СТАТУС СИСТЕМИ
══════════════════════════════════════════════════════════
  Час: 02.01.2026 22:45:21
  Режим: 🤖 АВТО
----------------------------------------------
  Температура: 27.9°C (ціль: 28.0-29.0°C)
  Теплоносій: 64.8°C
  Вологість: 65.9% (ціль: 68.0-70.0%)
  Тиск: 978.5 hPa
----------------------------------------------
  Насос (A): 20% (51)
  Вентилятор (B): 4% (12)
  Витяжка (C): 0% (0)
  Зволожувач: ВКЛ
  Вентиляція: ВІДКРИТА
----------------------------------------------
  Wi-Fi: Redmi Note 9 (-85 dBm)
  Пам'ять: 146 KB
  Записів в історії: 5
══════════════════════════════════════════════════════════

⚡ Обігрів: T=27.8°C, Насос=20, Вентилятор=5
📈 Статистика: Пам'ять=148KB, Записів=6, Час=361сек
⚡ Обігрів: T=27.8°C, Насос=21, Вентилятор=10
⚡ Обігрів: T=27.8°C, Насос=21, Вентилятор=10
[SENSOR] T:27.6/65.1°C H:66.9% P:978.5hPa
[TIME] Синхронізовано: 02.01.2026 22:45:28
⚡ Обігрів: T=27.6°C, Насос=22, Вентилятор=15
⚡ Обігрів: T=27.6°C, Насос=23, Вентилятор=20
⚡ Обігрів: T=27.5°C, Насос=23, Вентилятор=25
⚡ Обігрів: T=27.4°C, Насос=24, Вентилятор=30
🔧 Таймер витяжки: Витяжка увімкнена
⚡ Обігрів: T=27.2°C, Насос=25, Вентилятор=35
⚡ Обігрів: T=27.2°C, Насос=26, Вентилятор=40
⚡ Обігрів: T=27.1°C, Насос=26, Вентилятор=40
⚡ Обігрів: T=27.1°C, Насос=26, Вентилятор=45
⚡ Обігрів: T=26.9°C, Насос=27, Вентилятор=50
⚡ Обігрів: T=26.9°C, Насос=27, Вентилятор=50
⚡ Обігрів: T=26.9°C, Насос=27, Вентилятор=50
⚡ Обігрів: T=26.9°C, Насос=27, Вентилятор=50
⚡ Обігрів: T=26.9°C, Насос=27, Вентилятор=50
✓ Зволожувач: ВИМКНЕНО (Вологість: 68.2%, Ціль: 68.0%)
⚡ Обігрів: T=27.0°C, Насос=27, Вентилятор=50
⚡ Обігрів: T=27.1°C, Насос=26, Вентилятор=40
[SENSOR] T:27.2/65.4°C H:68.2% P:978.4hPa
⚡ Обігрів: T=27.2°C, Насос=26, Вентилятор=40
[TIME] Синхронізовано: 02.01.2026 22:45:59
⚡ Обігрів: T=27.2°C, Насос=25, Вентилятор=35
⚡ Обігрів: T=27.4°C, Насос=24, Вентилятор=30
